TN:
SF:src\routes.js
FNF:0
FNH:0
DA:10,14
DA:12,14
DA:13,14
DA:14,14
DA:15,14
DA:16,14
DA:17,14
LF:7
LH:7
BRF:0
BRH:0
end_of_record
TN:
SF:src\middlewares\authJWT.js
FN:3,auth
FN:14,(anonymous_1)
FNF:2
FNH:2
FNDA:182,auth
FNDA:53,(anonymous_1)
DA:14,182
DA:15,53
DA:16,53
DA:17,1
DA:20,52
DA:22,52
DA:24,51
DA:25,1
DA:28,50
DA:29,50
DA:34,1
LF:11
LH:11
BRDA:16,0,0,1
BRDA:16,0,1,52
BRDA:24,1,0,1
BRDA:24,1,1,50
BRDA:24,2,0,51
BRDA:24,2,1,22
BRF:6
BRH:6
end_of_record
TN:
SF:src\modules\menus\menus.controller.js
FN:4,(anonymous_0)
FN:25,(anonymous_1)
FN:35,(anonymous_2)
FN:45,(anonymous_3)
FNF:4
FNH:4
FNDA:4,(anonymous_0)
FNDA:3,(anonymous_1)
FNDA:3,(anonymous_2)
FNDA:3,(anonymous_3)
DA:4,14
DA:5,4
DA:6,4
DA:7,4
DA:8,1
DA:11,3
DA:12,3
DA:13,1
DA:16,2
DA:17,1
DA:20,1
DA:21,1
DA:25,14
DA:26,3
DA:27,3
DA:28,2
DA:29,1
DA:31,1
DA:35,14
DA:36,3
DA:37,3
DA:38,2
DA:39,1
DA:41,1
DA:45,14
DA:46,3
DA:47,3
DA:48,2
DA:49,1
DA:51,1
LF:30
LH:30
BRDA:7,0,0,1
BRDA:7,0,1,3
BRDA:7,1,0,4
BRDA:7,1,1,3
BRDA:12,2,0,1
BRDA:12,2,1,2
BRDA:28,3,0,1
BRDA:28,3,1,1
BRDA:38,4,0,1
BRDA:38,4,1,1
BRDA:48,5,0,1
BRDA:48,5,1,1
BRF:12
BRH:12
end_of_record
TN:
SF:src\modules\menus\menus.routes.js
FNF:0
FNH:0
DA:5,14
DA:7,14
DA:8,14
DA:9,14
DA:10,14
LF:5
LH:5
BRF:0
BRH:0
end_of_record
TN:
SF:src\modules\orders\orders.controller.js
FN:3,(anonymous_0)
FN:37,(anonymous_1)
FNF:2
FNH:2
FNDA:6,(anonymous_0)
FNDA:4,(anonymous_1)
DA:3,14
DA:4,6
DA:6,6
DA:7,1
DA:10,5
DA:11,5
DA:12,5
DA:14,4
DA:15,4
DA:17,3
DA:18,1
DA:23,2
DA:30,1
DA:32,1
DA:33,1
DA:37,14
DA:38,4
DA:39,4
DA:40,3
DA:42,2
DA:43,2
DA:45,2
DA:46,1
DA:49,1
DA:51,1
DA:52,1
LF:26
LH:26
BRDA:6,0,0,1
BRDA:6,0,1,5
BRDA:6,1,0,6
BRDA:6,1,1,5
BRDA:6,1,2,5
BRDA:12,2,0,1
BRDA:12,2,1,4
BRDA:15,3,0,1
BRDA:15,3,1,3
BRDA:17,4,0,1
BRDA:17,4,1,2
BRDA:40,5,0,1
BRDA:40,5,1,2
BRDA:45,6,0,1
BRDA:45,6,1,1
BRDA:45,7,0,2
BRDA:45,7,1,2
BRF:17
BRH:17
end_of_record
TN:
SF:src\modules\orders\orders.routes.js
FNF:0
FNH:0
DA:5,14
DA:7,14
DA:8,14
LF:3
LH:3
BRF:0
BRH:0
end_of_record
TN:
SF:src\modules\reservations\reservations.controller.js
FN:3,(anonymous_0)
FN:35,(anonymous_1)
FNF:2
FNH:2
FNDA:4,(anonymous_0)
FNDA:4,(anonymous_1)
DA:3,14
DA:4,4
DA:6,4
DA:7,1
DA:10,3
DA:11,3
DA:12,3
DA:13,1
DA:16,2
DA:25,1
DA:30,1
DA:31,1
DA:35,14
DA:36,4
DA:37,4
DA:38,4
DA:39,1
DA:42,3
DA:43,3
DA:45,3
DA:46,1
DA:51,2
DA:52,1
DA:56,1
DA:57,1
LF:25
LH:25
BRDA:6,0,0,1
BRDA:6,0,1,3
BRDA:6,1,0,4
BRDA:6,1,1,3
BRDA:6,1,2,3
BRDA:6,1,3,3
BRDA:12,2,0,1
BRDA:12,2,1,2
BRDA:38,3,0,1
BRDA:38,3,1,3
BRDA:45,4,0,1
BRDA:45,4,1,2
BRDA:45,5,0,3
BRDA:45,5,1,3
BRF:14
BRH:14
end_of_record
TN:
SF:src\modules\reservations\reservations.routes.js
FNF:0
FNH:0
DA:5,14
DA:7,14
DA:8,14
LF:3
LH:3
BRF:0
BRH:0
end_of_record
TN:
SF:src\modules\restaurants\restaurants.controller.js
FN:3,(anonymous_0)
FN:24,(anonymous_1)
FNF:2
FNH:2
FNDA:3,(anonymous_0)
FNDA:2,(anonymous_1)
DA:3,14
DA:5,3
DA:7,3
DA:8,1
DA:11,2
DA:13,2
DA:14,1
DA:18,1
DA:24,14
DA:25,2
DA:27,2
DA:28,1
DA:31,1
LF:13
LH:13
BRDA:7,0,0,1
BRDA:7,0,1,2
BRDA:7,1,0,3
BRDA:7,1,1,3
BRDA:7,1,2,2
BRF:5
BRH:5
end_of_record
TN:
SF:src\modules\restaurants\restaurants.routes.js
FNF:0
FNH:0
DA:5,14
DA:7,14
DA:8,14
LF:3
LH:3
BRF:0
BRH:0
end_of_record
TN:
SF:src\modules\users\auth.controller.js
FN:5,(anonymous_0)
FN:26,(anonymous_1)
FNF:2
FNH:2
FNDA:4,(anonymous_0)
FNDA:7,(anonymous_1)
DA:5,14
DA:6,4
DA:8,4
DA:9,1
DA:12,3
DA:13,3
DA:14,3
DA:16,1
DA:18,2
DA:19,1
DA:21,1
DA:22,1
DA:26,14
DA:27,7
DA:29,7
DA:30,2
DA:35,5
DA:36,5
DA:37,4
DA:38,1
DA:41,3
DA:42,2
DA:43,1
DA:46,1
DA:47,1
DA:51,1
DA:53,2
LF:27
LH:27
BRDA:8,0,0,1
BRDA:8,0,1,3
BRDA:8,1,0,4
BRDA:8,1,1,4
BRDA:8,1,2,3
BRDA:18,2,0,1
BRDA:18,2,1,1
BRDA:18,3,0,2
BRDA:18,3,1,1
BRDA:29,4,0,2
BRDA:29,4,1,5
BRDA:29,5,0,7
BRDA:29,5,1,7
BRDA:37,6,0,1
BRDA:37,6,1,3
BRDA:42,7,0,1
BRDA:42,7,1,1
BRF:17
BRH:17
end_of_record
TN:
SF:src\modules\users\auth.routes.js
FNF:0
FNH:0
DA:5,14
DA:7,14
DA:8,14
LF:3
LH:3
BRF:0
BRH:0
end_of_record
TN:
SF:src\modules\users\users.controller.js
FN:4,(anonymous_0)
FN:21,(anonymous_1)
FN:57,(anonymous_2)
FNF:3
FNH:3
FNDA:3,(anonymous_0)
FNDA:8,(anonymous_1)
FNDA:3,(anonymous_2)
DA:4,14
DA:5,3
DA:6,3
DA:7,2
DA:8,1
DA:11,1
DA:17,1
DA:21,14
DA:22,8
DA:23,8
DA:25,8
DA:26,8
DA:27,7
DA:29,6
DA:30,1
DA:33,5
DA:34,5
DA:35,5
DA:36,5
DA:38,5
DA:40,3
DA:49,3
DA:50,1
DA:52,2
DA:53,2
DA:57,14
DA:58,3
DA:59,3
DA:60,2
DA:62,1
DA:64,1
LF:31
LH:31
BRDA:7,0,0,1
BRDA:7,0,1,1
BRDA:27,1,0,1
BRDA:27,1,1,6
BRDA:29,2,0,1
BRDA:29,2,1,5
BRDA:29,3,0,6
BRDA:29,3,1,2
BRDA:34,4,0,3
BRDA:34,4,1,2
BRDA:35,5,0,1
BRDA:35,5,1,4
BRDA:36,6,0,1
BRDA:36,6,1,4
BRDA:49,7,0,1
BRDA:49,7,1,2
BRDA:49,8,0,3
BRDA:49,8,1,2
BRDA:60,9,0,1
BRDA:60,9,1,1
BRF:20
BRH:20
end_of_record
TN:
SF:src\modules\users\users.routes.js
FNF:0
FNH:0
DA:5,14
DA:7,14
DA:8,14
DA:9,14
LF:4
LH:4
BRF:0
BRH:0
end_of_record
